Using pre-set license
Built from '2020.3/release' branch; Version is '2020.3.27f1 (e759542391ea) revision 15161684'; Using compiler version '192528614'; Build Type 'Release'
OS: 'Windows 10  (10.0.19043) 64bit Core' Language: 'en' Physical Memory: 16310 MB
BatchMode: 1, IsHumanControllingUs: 0, StartBugReporterOnCrash: 0, Is64bit: 1, IsPro: 0

COMMAND LINE ARGUMENTS:
C:\Program Files\Unity\Hub\Editor\2020.3.27f1\Editor\Unity.exe
-adb2
-batchMode
-noUpm
-name
AssetImportWorker0
-projectPath
C:/Users/ayden/Documents/Unity/holbertonschool-unity/0x0D-unity-shadergraph
-logFile
Logs/AssetImportWorker0.log
-srvPort
57990
Successfully changed project path to: C:/Users/ayden/Documents/Unity/holbertonschool-unity/0x0D-unity-shadergraph
C:/Users/ayden/Documents/Unity/holbertonschool-unity/0x0D-unity-shadergraph
Using Asset Import Pipeline V2.
Refreshing native plugins compatible for Editor in 43.05 ms, found 2 plugins.
Preloading 0 native plugins for Editor in 0.00 ms.
Initialize engine version: 2020.3.27f1 (e759542391ea)
[Subsystems] Discovering subsystems at path C:/Program Files/Unity/Hub/Editor/2020.3.27f1/Editor/Data/Resources/UnitySubsystems
[Subsystems] Discovering subsystems at path C:/Users/ayden/Documents/Unity/holbertonschool-unity/0x0D-unity-shadergraph/Assets
GfxDevice: creating device client; threaded=0
Direct3D:
    Version:  Direct3D 11.0 [level 11.1]
    Renderer: NVIDIA GeForce RTX 3060 (ID=0x2503)
    Vendor:   
    VRAM:     12143 MB
    Driver:   30.0.14.9729
Initialize mono
Mono path[0] = 'C:/Program Files/Unity/Hub/Editor/2020.3.27f1/Editor/Data/Managed'
Mono path[1] = 'C:/Program Files/Unity/Hub/Editor/2020.3.27f1/Editor/Data/MonoBleedingEdge/lib/mono/unityjit'
Mono config path = 'C:/Program Files/Unity/Hub/Editor/2020.3.27f1/Editor/Data/MonoBleedingEdge/etc'
Using monoOptions --debugger-agent=transport=dt_socket,embedding=1,server=y,suspend=n,address=127.0.0.1:56404
Begin MonoManager ReloadAssembly
Registering precompiled unity dll's ...
Register platform support module: C:/Program Files/Unity/Hub/Editor/2020.3.27f1/Editor/Data/PlaybackEngines/WebGLSupport/UnityEditor.WebGL.Extensions.dll
Register platform support module: C:/Program Files/Unity/Hub/Editor/2020.3.27f1/Editor/Data/PlaybackEngines/MacStandaloneSupport/UnityEditor.OSXStandalone.Extensions.dll
Register platform support module: C:/Program Files/Unity/Hub/Editor/2020.3.27f1/Editor/Data/PlaybackEngines/WindowsStandaloneSupport/UnityEditor.WindowsStandalone.Extensions.dll
Registered in 0.002299 seconds.
Native extension for WindowsStandalone target not found
Native extension for OSXStandalone target not found
Native extension for WebGL target not found
Refreshing native plugins compatible for Editor in 43.37 ms, found 2 plugins.
Preloading 0 native plugins for Editor in 0.00 ms.
Mono: successfully reloaded assembly
- Completed reload, in  0.468 seconds
Domain Reload Profiling:
	ReloadAssembly (468ms)
		BeginReloadAssembly (49ms)
			ExecutionOrderSort (0ms)
			DisableScriptedObjects (0ms)
			BackupInstance (0ms)
			ReleaseScriptingObjects (0ms)
			CreateAndSetChildDomain (1ms)
		EndReloadAssembly (360ms)
			LoadAssemblies (48ms)
			RebuildTransferFunctionScriptingTraits (0ms)
			SetupTypeCache (116ms)
			ReleaseScriptCaches (0ms)
			RebuildScriptCaches (24ms)
			SetupLoadedEditorAssemblies (142ms)
				LogAssemblyErrors (0ms)
				InitializePlatformSupportModulesInManaged (5ms)
				SetLoadedEditorAssemblies (0ms)
				RefreshPlugins (43ms)
				BeforeProcessingInitializeOnLoad (8ms)
				ProcessInitializeOnLoadAttributes (64ms)
				ProcessInitializeOnLoadMethodAttributes (21ms)
				AfterProcessingInitializeOnLoad (0ms)
				EditorAssembliesLoaded (0ms)
			ExecutionOrderSort2 (0ms)
			AwakeInstancesAfterBackupRestoration (0ms)
Platform modules already initialized, skipping
Registering precompiled user dll's ...
Registered in 0.004082 seconds.
Begin MonoManager ReloadAssembly
Native extension for WindowsStandalone target not found
Native extension for OSXStandalone target not found
Native extension for WebGL target not found
Refreshing native plugins compatible for Editor in 44.09 ms, found 2 plugins.
Preloading 0 native plugins for Editor in 0.00 ms.
Mono: successfully reloaded assembly
- Completed reload, in  0.887 seconds
Domain Reload Profiling:
	ReloadAssembly (888ms)
		BeginReloadAssembly (119ms)
			ExecutionOrderSort (0ms)
			DisableScriptedObjects (4ms)
			BackupInstance (0ms)
			ReleaseScriptingObjects (0ms)
			CreateAndSetChildDomain (16ms)
		EndReloadAssembly (719ms)
			LoadAssemblies (75ms)
			RebuildTransferFunctionScriptingTraits (0ms)
			SetupTypeCache (247ms)
			ReleaseScriptCaches (1ms)
			RebuildScriptCaches (39ms)
			SetupLoadedEditorAssemblies (268ms)
				LogAssemblyErrors (0ms)
				InitializePlatformSupportModulesInManaged (4ms)
				SetLoadedEditorAssemblies (0ms)
				RefreshPlugins (44ms)
				BeforeProcessingInitializeOnLoad (61ms)
				ProcessInitializeOnLoadAttributes (145ms)
				ProcessInitializeOnLoadMethodAttributes (7ms)
				AfterProcessingInitializeOnLoad (6ms)
				EditorAssembliesLoaded (0ms)
			ExecutionOrderSort2 (0ms)
			AwakeInstancesAfterBackupRestoration (5ms)
Platform modules already initialized, skipping
========================================================================
Worker process is ready to serve import requests
Launched and connected shader compiler UnityShaderCompiler.exe after 0.04 seconds
Refreshing native plugins compatible for Editor in 0.79 ms, found 2 plugins.
Preloading 0 native plugins for Editor in 0.00 ms.
Unloading 2814 Unused Serialized files (Serialized files now loaded: 0)
System memory in use before: 131.7 MB.
System memory in use after: 131.9 MB.

Unloading 20 unused Assets to reduce memory usage. Loaded Objects now: 3252.
Total: 3.138300 ms (FindLiveObjects: 0.236400 ms CreateObjectMapping: 0.068500 ms MarkObjects: 2.759300 ms  DeleteObjects: 0.072800 ms)

AssetImportParameters requested are different than current active one (requested -> active):
  custom:framework-win-MediaFoundation: 216162199b28c13a410421893ffa2e32 -> 
  custom:video-decoder-ogg-theora: a1e56fd34408186e4bbccfd4996cb3dc -> 
  custom:container-muxer-webm: aa71ff27fc2769a1b78a27578f13a17b -> 
  custom:container-demuxer-webm: 4f35f7cbe854078d1ac9338744f61a02 -> 
  custom:container-demuxer-ogg: 62fdf1f143b41e24485cea50d1cbac27 -> 
  custom:video-encoder-webm-vp8: eb34c28f22e8b96e1ab97ce403110664 -> 
  custom:video-decoder-webm-vp8: 9c59270c3fd7afecdb556c50c9e8de78 -> 
  custom:audio-decoder-ogg-vorbis: bf7c407c2cedff20999df2af8eb42d56 -> 
  custom:audio-encoder-webm-vorbis: bf7c407c2cedff20999df2af8eb42d56 -> 
========================================================================
Received Import Request.
  path: Assets/Materials/calmWater.mat
  artifactKey: Guid(d8632dbbb1d9bed4b8a4603316f544d4) Importer(815301076,1909f56bfc062723c751e8b465ee728b)
Start importing Assets/Materials/calmWater.mat using Guid(d8632dbbb1d9bed4b8a4603316f544d4) Importer(815301076,1909f56bfc062723c751e8b465ee728b)  -> (artifact id: '30f5c41a3bf15a48acbfe6a5a7ec828f') in 0.180275 seconds 
  Import took 0.183982 seconds .

========================================================================
Received Import Request.
  Time since last request: 7.719081 seconds.
  path: Assets/Materials/water.shadergraph
  artifactKey: Guid(ed70d92c47aaa0e4ebb7842286513204) Importer(815301076,1909f56bfc062723c751e8b465ee728b)
Start importing Assets/Materials/water.shadergraph using Guid(ed70d92c47aaa0e4ebb7842286513204) Importer(815301076,1909f56bfc062723c751e8b465ee728b)  -> (artifact id: '8e9cf879a9616d67b7c904a112103ac1') in 0.008302 seconds 
  Import took 0.012549 seconds .

========================================================================
Received Import Request.
  Time since last request: 453.138038 seconds.
  path: Assets/Materials/water.shadergraph
  artifactKey: Guid(ed70d92c47aaa0e4ebb7842286513204) Importer(815301076,1909f56bfc062723c751e8b465ee728b)
Start importing Assets/Materials/water.shadergraph using Guid(ed70d92c47aaa0e4ebb7842286513204) Importer(815301076,1909f56bfc062723c751e8b465ee728b)  -> (artifact id: 'cd34f29b927ea8adb2a77e9b629986be') in 0.003092 seconds 
  Import took 0.007289 seconds .

========================================================================
Received Import Request.
  Time since last request: 133.603563 seconds.
  path: Assets/Materials/water.shadergraph
  artifactKey: Guid(ed70d92c47aaa0e4ebb7842286513204) Importer(815301076,1909f56bfc062723c751e8b465ee728b)
Start importing Assets/Materials/water.shadergraph using Guid(ed70d92c47aaa0e4ebb7842286513204) Importer(815301076,1909f56bfc062723c751e8b465ee728b)  -> (artifact id: '1174cec0fceecb9fa5ad1927b8659914') in 0.003001 seconds 
  Import took 0.007039 seconds .

========================================================================
Received Import Request.
  Time since last request: 572.200825 seconds.
  path: Assets/Materials/water.shadergraph
  artifactKey: Guid(ed70d92c47aaa0e4ebb7842286513204) Importer(815301076,1909f56bfc062723c751e8b465ee728b)
Start importing Assets/Materials/water.shadergraph using Guid(ed70d92c47aaa0e4ebb7842286513204) Importer(815301076,1909f56bfc062723c751e8b465ee728b)  -> (artifact id: 'e1ba017672f5d40b04ab2991c5915ac2') in 0.003089 seconds 
  Import took 0.007261 seconds .

========================================================================
Received Import Request.
  Time since last request: 14.460187 seconds.
  path: Assets/Shaders/water.shadergraph
  artifactKey: Guid(8ebca93e73a93314490975fc66357689) Importer(815301076,1909f56bfc062723c751e8b465ee728b)
Start importing Assets/Shaders/water.shadergraph using Guid(8ebca93e73a93314490975fc66357689) Importer(815301076,1909f56bfc062723c751e8b465ee728b)  -> (artifact id: '65a4474bc390cf5c64483f79b7414fb3') in 0.002027 seconds 
  Import took 0.005765 seconds .

========================================================================
Received Import Request.
  Time since last request: 31.216453 seconds.
  path: Assets/Materials/water.mat
  artifactKey: Guid(c897cb2390313b64c99f8aa1051a415c) Importer(815301076,1909f56bfc062723c751e8b465ee728b)
Start importing Assets/Materials/water.mat using Guid(c897cb2390313b64c99f8aa1051a415c) Importer(815301076,1909f56bfc062723c751e8b465ee728b)  -> (artifact id: 'fec1df714e090c77174f9a15529aee24') in 0.015061 seconds 
  Import took 0.019042 seconds .

========================================================================
Received Prepare
Registering precompiled user dll's ...
Registered in 0.004147 seconds.
Begin MonoManager ReloadAssembly
Native extension for WindowsStandalone target not found
Native extension for OSXStandalone target not found
Native extension for WebGL target not found
Refreshing native plugins compatible for Editor in 0.53 ms, found 2 plugins.
Preloading 0 native plugins for Editor in 0.00 ms.
Mono: successfully reloaded assembly
- Completed reload, in  0.858 seconds
Domain Reload Profiling:
	ReloadAssembly (858ms)
		BeginReloadAssembly (111ms)
			ExecutionOrderSort (0ms)
			DisableScriptedObjects (5ms)
			BackupInstance (0ms)
			ReleaseScriptingObjects (0ms)
			CreateAndSetChildDomain (32ms)
		EndReloadAssembly (696ms)
			LoadAssemblies (76ms)
			RebuildTransferFunctionScriptingTraits (0ms)
			SetupTypeCache (248ms)
			ReleaseScriptCaches (1ms)
			RebuildScriptCaches (33ms)
			SetupLoadedEditorAssemblies (230ms)
				LogAssemblyErrors (0ms)
				InitializePlatformSupportModulesInManaged (4ms)
				SetLoadedEditorAssemblies (0ms)
				RefreshPlugins (1ms)
				BeforeProcessingInitializeOnLoad (54ms)
				ProcessInitializeOnLoadAttributes (158ms)
				ProcessInitializeOnLoadMethodAttributes (7ms)
				AfterProcessingInitializeOnLoad (5ms)
				EditorAssembliesLoaded (0ms)
			ExecutionOrderSort2 (0ms)
			AwakeInstancesAfterBackupRestoration (12ms)
Platform modules already initialized, skipping
Refreshing native plugins compatible for Editor in 0.54 ms, found 2 plugins.
Preloading 0 native plugins for Editor in 0.00 ms.
Unloading 2699 Unused Serialized files (Serialized files now loaded: 0)
System memory in use before: 129.4 MB.
System memory in use after: 129.6 MB.

Unloading 15 unused Assets to reduce memory usage. Loaded Objects now: 3332.
Total: 2.807500 ms (FindLiveObjects: 0.233400 ms CreateObjectMapping: 0.095000 ms MarkObjects: 2.464700 ms  DeleteObjects: 0.012500 ms)

AssetImportParameters requested are different than current active one (requested -> active):
  custom:framework-win-MediaFoundation: 216162199b28c13a410421893ffa2e32 -> 
  custom:video-decoder-ogg-theora: a1e56fd34408186e4bbccfd4996cb3dc -> 
  custom:container-muxer-webm: aa71ff27fc2769a1b78a27578f13a17b -> 
  custom:container-demuxer-webm: 4f35f7cbe854078d1ac9338744f61a02 -> 
  custom:container-demuxer-ogg: 62fdf1f143b41e24485cea50d1cbac27 -> 
  custom:video-encoder-webm-vp8: eb34c28f22e8b96e1ab97ce403110664 -> 
  custom:video-decoder-webm-vp8: 9c59270c3fd7afecdb556c50c9e8de78 -> 
  custom:audio-decoder-ogg-vorbis: bf7c407c2cedff20999df2af8eb42d56 -> 
  custom:audio-encoder-webm-vorbis: bf7c407c2cedff20999df2af8eb42d56 -> 
========================================================================
Received Prepare
Registering precompiled user dll's ...
Registered in 0.004299 seconds.
Begin MonoManager ReloadAssembly
Native extension for WindowsStandalone target not found
Native extension for OSXStandalone target not found
Native extension for WebGL target not found
Refreshing native plugins compatible for Editor in 0.53 ms, found 2 plugins.
Preloading 0 native plugins for Editor in 0.00 ms.
Mono: successfully reloaded assembly
- Completed reload, in  0.821 seconds
Domain Reload Profiling:
	ReloadAssembly (822ms)
		BeginReloadAssembly (97ms)
			ExecutionOrderSort (0ms)
			DisableScriptedObjects (4ms)
			BackupInstance (0ms)
			ReleaseScriptingObjects (0ms)
			CreateAndSetChildDomain (28ms)
		EndReloadAssembly (672ms)
			LoadAssemblies (82ms)
			RebuildTransferFunctionScriptingTraits (0ms)
			SetupTypeCache (243ms)
			ReleaseScriptCaches (1ms)
			RebuildScriptCaches (32ms)
			SetupLoadedEditorAssemblies (220ms)
				LogAssemblyErrors (0ms)
				InitializePlatformSupportModulesInManaged (4ms)
				SetLoadedEditorAssemblies (0ms)
				RefreshPlugins (1ms)
				BeforeProcessingInitializeOnLoad (51ms)
				ProcessInitializeOnLoadAttributes (151ms)
				ProcessInitializeOnLoadMethodAttributes (6ms)
				AfterProcessingInitializeOnLoad (5ms)
				EditorAssembliesLoaded (0ms)
			ExecutionOrderSort2 (0ms)
			AwakeInstancesAfterBackupRestoration (11ms)
Platform modules already initialized, skipping
Refreshing native plugins compatible for Editor in 0.50 ms, found 2 plugins.
Preloading 0 native plugins for Editor in 0.00 ms.
Unloading 2699 Unused Serialized files (Serialized files now loaded: 0)
System memory in use before: 129.4 MB.
System memory in use after: 129.6 MB.

Unloading 15 unused Assets to reduce memory usage. Loaded Objects now: 3334.
Total: 2.845900 ms (FindLiveObjects: 0.227000 ms CreateObjectMapping: 0.066900 ms MarkObjects: 2.539800 ms  DeleteObjects: 0.011100 ms)

AssetImportParameters requested are different than current active one (requested -> active):
  custom:framework-win-MediaFoundation: 216162199b28c13a410421893ffa2e32 -> 
  custom:video-decoder-ogg-theora: a1e56fd34408186e4bbccfd4996cb3dc -> 
  custom:container-muxer-webm: aa71ff27fc2769a1b78a27578f13a17b -> 
  custom:container-demuxer-webm: 4f35f7cbe854078d1ac9338744f61a02 -> 
  custom:container-demuxer-ogg: 62fdf1f143b41e24485cea50d1cbac27 -> 
  custom:video-encoder-webm-vp8: eb34c28f22e8b96e1ab97ce403110664 -> 
  custom:video-decoder-webm-vp8: 9c59270c3fd7afecdb556c50c9e8de78 -> 
  custom:audio-decoder-ogg-vorbis: bf7c407c2cedff20999df2af8eb42d56 -> 
  custom:audio-encoder-webm-vorbis: bf7c407c2cedff20999df2af8eb42d56 -> 
========================================================================
Received Prepare
Registering precompiled user dll's ...
Registered in 0.003913 seconds.
Begin MonoManager ReloadAssembly
Native extension for WindowsStandalone target not found
Native extension for OSXStandalone target not found
Native extension for WebGL target not found
Refreshing native plugins compatible for Editor in 0.51 ms, found 2 plugins.
Preloading 0 native plugins for Editor in 0.00 ms.
Mono: successfully reloaded assembly
- Completed reload, in  0.816 seconds
Domain Reload Profiling:
	ReloadAssembly (817ms)
		BeginReloadAssembly (94ms)
			ExecutionOrderSort (0ms)
			DisableScriptedObjects (4ms)
			BackupInstance (0ms)
			ReleaseScriptingObjects (0ms)
			CreateAndSetChildDomain (28ms)
		EndReloadAssembly (667ms)
			LoadAssemblies (78ms)
			RebuildTransferFunctionScriptingTraits (0ms)
			SetupTypeCache (240ms)
			ReleaseScriptCaches (1ms)
			RebuildScriptCaches (32ms)
			SetupLoadedEditorAssemblies (219ms)
				LogAssemblyErrors (0ms)
				InitializePlatformSupportModulesInManaged (4ms)
				SetLoadedEditorAssemblies (1ms)
				RefreshPlugins (1ms)
				BeforeProcessingInitializeOnLoad (53ms)
				ProcessInitializeOnLoadAttributes (149ms)
				ProcessInitializeOnLoadMethodAttributes (6ms)
				AfterProcessingInitializeOnLoad (5ms)
				EditorAssembliesLoaded (0ms)
			ExecutionOrderSort2 (0ms)
			AwakeInstancesAfterBackupRestoration (11ms)
Platform modules already initialized, skipping
Refreshing native plugins compatible for Editor in 0.55 ms, found 2 plugins.
Preloading 0 native plugins for Editor in 0.00 ms.
Unloading 2699 Unused Serialized files (Serialized files now loaded: 0)
System memory in use before: 129.4 MB.
System memory in use after: 129.7 MB.

Unloading 15 unused Assets to reduce memory usage. Loaded Objects now: 3336.
Total: 2.809000 ms (FindLiveObjects: 0.210800 ms CreateObjectMapping: 0.070700 ms MarkObjects: 2.515300 ms  DeleteObjects: 0.011400 ms)

AssetImportParameters requested are different than current active one (requested -> active):
  custom:framework-win-MediaFoundation: 216162199b28c13a410421893ffa2e32 -> 
  custom:video-decoder-ogg-theora: a1e56fd34408186e4bbccfd4996cb3dc -> 
  custom:container-muxer-webm: aa71ff27fc2769a1b78a27578f13a17b -> 
  custom:container-demuxer-webm: 4f35f7cbe854078d1ac9338744f61a02 -> 
  custom:container-demuxer-ogg: 62fdf1f143b41e24485cea50d1cbac27 -> 
  custom:video-encoder-webm-vp8: eb34c28f22e8b96e1ab97ce403110664 -> 
  custom:video-decoder-webm-vp8: 9c59270c3fd7afecdb556c50c9e8de78 -> 
  custom:audio-decoder-ogg-vorbis: bf7c407c2cedff20999df2af8eb42d56 -> 
  custom:audio-encoder-webm-vorbis: bf7c407c2cedff20999df2af8eb42d56 -> 
========================================================================
Received Import Request.
  Time since last request: 2749.673574 seconds.
  path: Assets/Materials/water.mat
  artifactKey: Guid(c897cb2390313b64c99f8aa1051a415c) Importer(815301076,1909f56bfc062723c751e8b465ee728b)
Start importing Assets/Materials/water.mat using Guid(c897cb2390313b64c99f8aa1051a415c) Importer(815301076,1909f56bfc062723c751e8b465ee728b)  -> (artifact id: '1b3c87683ec04d89e6bc9281752b55e6') in 0.157150 seconds 
  Import took 0.161884 seconds .

========================================================================
Received Import Request.
  Time since last request: 134.642820 seconds.
  path: Assets/Materials/water.mat
  artifactKey: Guid(c897cb2390313b64c99f8aa1051a415c) Importer(815301076,1909f56bfc062723c751e8b465ee728b)
Start importing Assets/Materials/water.mat using Guid(c897cb2390313b64c99f8aa1051a415c) Importer(815301076,1909f56bfc062723c751e8b465ee728b)  -> (artifact id: '9c43034212dea60593b7f794f9f03211') in 0.009197 seconds 
  Import took 0.013269 seconds .

========================================================================
Received Prepare
Registering precompiled user dll's ...
Registered in 0.003949 seconds.
Begin MonoManager ReloadAssembly
Native extension for WindowsStandalone target not found
Native extension for OSXStandalone target not found
Native extension for WebGL target not found
Refreshing native plugins compatible for Editor in 0.50 ms, found 2 plugins.
Preloading 0 native plugins for Editor in 0.00 ms.
Mono: successfully reloaded assembly
- Completed reload, in  0.848 seconds
Domain Reload Profiling:
	ReloadAssembly (849ms)
		BeginReloadAssembly (96ms)
			ExecutionOrderSort (0ms)
			DisableScriptedObjects (5ms)
			BackupInstance (0ms)
			ReleaseScriptingObjects (0ms)
			CreateAndSetChildDomain (30ms)
		EndReloadAssembly (702ms)
			LoadAssemblies (77ms)
			RebuildTransferFunctionScriptingTraits (0ms)
			SetupTypeCache (241ms)
			ReleaseScriptCaches (1ms)
			RebuildScriptCaches (33ms)
			SetupLoadedEditorAssemblies (242ms)
				LogAssemblyErrors (0ms)
				InitializePlatformSupportModulesInManaged (4ms)
				SetLoadedEditorAssemblies (0ms)
				RefreshPlugins (1ms)
				BeforeProcessingInitializeOnLoad (53ms)
				ProcessInitializeOnLoadAttributes (169ms)
				ProcessInitializeOnLoadMethodAttributes (9ms)
				AfterProcessingInitializeOnLoad (5ms)
				EditorAssembliesLoaded (0ms)
			ExecutionOrderSort2 (0ms)
			AwakeInstancesAfterBackupRestoration (13ms)
Platform modules already initialized, skipping
Refreshing native plugins compatible for Editor in 0.59 ms, found 2 plugins.
Preloading 0 native plugins for Editor in 0.00 ms.
Unloading 2700 Unused Serialized files (Serialized files now loaded: 0)
System memory in use before: 130.3 MB.
System memory in use after: 130.5 MB.

Unloading 15 unused Assets to reduce memory usage. Loaded Objects now: 3375.
Total: 2.839600 ms (FindLiveObjects: 0.240200 ms CreateObjectMapping: 0.074500 ms MarkObjects: 2.512100 ms  DeleteObjects: 0.012100 ms)

AssetImportParameters requested are different than current active one (requested -> active):
  custom:framework-win-MediaFoundation: 216162199b28c13a410421893ffa2e32 -> 
  custom:video-decoder-ogg-theora: a1e56fd34408186e4bbccfd4996cb3dc -> 
  custom:container-muxer-webm: aa71ff27fc2769a1b78a27578f13a17b -> 
  custom:container-demuxer-webm: 4f35f7cbe854078d1ac9338744f61a02 -> 
  custom:container-demuxer-ogg: 62fdf1f143b41e24485cea50d1cbac27 -> 
  custom:video-encoder-webm-vp8: eb34c28f22e8b96e1ab97ce403110664 -> 
  custom:video-decoder-webm-vp8: 9c59270c3fd7afecdb556c50c9e8de78 -> 
  custom:audio-decoder-ogg-vorbis: bf7c407c2cedff20999df2af8eb42d56 -> 
  custom:audio-encoder-webm-vorbis: bf7c407c2cedff20999df2af8eb42d56 -> 
========================================================================
Received Prepare
Registering precompiled user dll's ...
Registered in 0.003850 seconds.
Begin MonoManager ReloadAssembly
Native extension for WindowsStandalone target not found
Native extension for OSXStandalone target not found
Native extension for WebGL target not found
Refreshing native plugins compatible for Editor in 0.51 ms, found 2 plugins.
Preloading 0 native plugins for Editor in 0.00 ms.
Mono: successfully reloaded assembly
- Completed reload, in  0.791 seconds
Domain Reload Profiling:
	ReloadAssembly (791ms)
		BeginReloadAssembly (89ms)
			ExecutionOrderSort (0ms)
			DisableScriptedObjects (4ms)
			BackupInstance (0ms)
			ReleaseScriptingObjects (0ms)
			CreateAndSetChildDomain (26ms)
		EndReloadAssembly (654ms)
			LoadAssemblies (74ms)
			RebuildTransferFunctionScriptingTraits (0ms)
			SetupTypeCache (229ms)
			ReleaseScriptCaches (1ms)
			RebuildScriptCaches (31ms)
			SetupLoadedEditorAssemblies (220ms)
				LogAssemblyErrors (0ms)
				InitializePlatformSupportModulesInManaged (5ms)
				SetLoadedEditorAssemblies (0ms)
				RefreshPlugins (1ms)
				BeforeProcessingInitializeOnLoad (51ms)
				ProcessInitializeOnLoadAttributes (152ms)
				ProcessInitializeOnLoadMethodAttributes (7ms)
				AfterProcessingInitializeOnLoad (5ms)
				EditorAssembliesLoaded (0ms)
			ExecutionOrderSort2 (0ms)
			AwakeInstancesAfterBackupRestoration (11ms)
Platform modules already initialized, skipping
Refreshing native plugins compatible for Editor in 0.51 ms, found 2 plugins.
Preloading 0 native plugins for Editor in 0.00 ms.
Unloading 2699 Unused Serialized files (Serialized files now loaded: 0)
System memory in use before: 130.0 MB.
System memory in use after: 130.3 MB.

Unloading 15 unused Assets to reduce memory usage. Loaded Objects now: 3377.
Total: 2.819100 ms (FindLiveObjects: 0.222700 ms CreateObjectMapping: 0.077000 ms MarkObjects: 2.507400 ms  DeleteObjects: 0.011300 ms)

AssetImportParameters requested are different than current active one (requested -> active):
  custom:framework-win-MediaFoundation: 216162199b28c13a410421893ffa2e32 -> 
  custom:video-decoder-ogg-theora: a1e56fd34408186e4bbccfd4996cb3dc -> 
  custom:container-muxer-webm: aa71ff27fc2769a1b78a27578f13a17b -> 
  custom:container-demuxer-webm: 4f35f7cbe854078d1ac9338744f61a02 -> 
  custom:container-demuxer-ogg: 62fdf1f143b41e24485cea50d1cbac27 -> 
  custom:video-encoder-webm-vp8: eb34c28f22e8b96e1ab97ce403110664 -> 
  custom:video-decoder-webm-vp8: 9c59270c3fd7afecdb556c50c9e8de78 -> 
  custom:audio-decoder-ogg-vorbis: bf7c407c2cedff20999df2af8eb42d56 -> 
  custom:audio-encoder-webm-vorbis: bf7c407c2cedff20999df2af8eb42d56 -> 
========================================================================
Received Import Request.
  Time since last request: 484.908258 seconds.
  path: Assets/Materials/water.mat
  artifactKey: Guid(c897cb2390313b64c99f8aa1051a415c) Importer(815301076,1909f56bfc062723c751e8b465ee728b)
Start importing Assets/Materials/water.mat using Guid(c897cb2390313b64c99f8aa1051a415c) Importer(815301076,1909f56bfc062723c751e8b465ee728b)  -> (artifact id: '0426d02f43cdd03cb6b74c2200605679') in 0.132786 seconds 
  Import took 0.136640 seconds .

========================================================================
Received Import Request.
  Time since last request: 718.782280 seconds.
  path: Assets/Materials/water.mat
  artifactKey: Guid(c897cb2390313b64c99f8aa1051a415c) Importer(815301076,1909f56bfc062723c751e8b465ee728b)
Start importing Assets/Materials/water.mat using Guid(c897cb2390313b64c99f8aa1051a415c) Importer(815301076,1909f56bfc062723c751e8b465ee728b)  -> (artifact id: 'b0097c78110d7764903519eac530342b') in 0.008723 seconds 
  Import took 0.012800 seconds .

========================================================================
Received Import Request.
  Time since last request: 51.713650 seconds.
  path: Assets/Materials/water.mat
  artifactKey: Guid(c897cb2390313b64c99f8aa1051a415c) Importer(815301076,1909f56bfc062723c751e8b465ee728b)
Start importing Assets/Materials/water.mat using Guid(c897cb2390313b64c99f8aa1051a415c) Importer(815301076,1909f56bfc062723c751e8b465ee728b)  -> (artifact id: '65676c8bfb2ab66d29d6fbfa061be0e5') in 0.010397 seconds 
  Import took 0.014237 seconds .

========================================================================
Received Prepare
Registering precompiled user dll's ...
Registered in 0.003936 seconds.
Begin MonoManager ReloadAssembly
Native extension for WindowsStandalone target not found
Native extension for OSXStandalone target not found
Native extension for WebGL target not found
Refreshing native plugins compatible for Editor in 0.52 ms, found 2 plugins.
Preloading 0 native plugins for Editor in 0.00 ms.
Mono: successfully reloaded assembly
- Completed reload, in  0.815 seconds
Domain Reload Profiling:
	ReloadAssembly (816ms)
		BeginReloadAssembly (99ms)
			ExecutionOrderSort (0ms)
			DisableScriptedObjects (5ms)
			BackupInstance (0ms)
			ReleaseScriptingObjects (0ms)
			CreateAndSetChildDomain (30ms)
		EndReloadAssembly (663ms)
			LoadAssemblies (80ms)
			RebuildTransferFunctionScriptingTraits (0ms)
			SetupTypeCache (236ms)
			ReleaseScriptCaches (1ms)
			RebuildScriptCaches (32ms)
			SetupLoadedEditorAssemblies (217ms)
				LogAssemblyErrors (0ms)
				InitializePlatformSupportModulesInManaged (4ms)
				SetLoadedEditorAssemblies (0ms)
				RefreshPlugins (1ms)
				BeforeProcessingInitializeOnLoad (51ms)
				ProcessInitializeOnLoadAttributes (150ms)
				ProcessInitializeOnLoadMethodAttributes (6ms)
				AfterProcessingInitializeOnLoad (5ms)
				EditorAssembliesLoaded (0ms)
			ExecutionOrderSort2 (0ms)
			AwakeInstancesAfterBackupRestoration (12ms)
Platform modules already initialized, skipping
Refreshing native plugins compatible for Editor in 0.52 ms, found 2 plugins.
Preloading 0 native plugins for Editor in 0.00 ms.
Unloading 2699 Unused Serialized files (Serialized files now loaded: 0)
System memory in use before: 130.2 MB.
System memory in use after: 130.4 MB.

Unloading 15 unused Assets to reduce memory usage. Loaded Objects now: 3415.
Total: 2.950900 ms (FindLiveObjects: 0.225500 ms CreateObjectMapping: 0.067400 ms MarkObjects: 2.645200 ms  DeleteObjects: 0.011900 ms)

AssetImportParameters requested are different than current active one (requested -> active):
  custom:framework-win-MediaFoundation: 216162199b28c13a410421893ffa2e32 -> 
  custom:video-decoder-ogg-theora: a1e56fd34408186e4bbccfd4996cb3dc -> 
  custom:container-muxer-webm: aa71ff27fc2769a1b78a27578f13a17b -> 
  custom:container-demuxer-webm: 4f35f7cbe854078d1ac9338744f61a02 -> 
  custom:container-demuxer-ogg: 62fdf1f143b41e24485cea50d1cbac27 -> 
  custom:video-encoder-webm-vp8: eb34c28f22e8b96e1ab97ce403110664 -> 
  custom:video-decoder-webm-vp8: 9c59270c3fd7afecdb556c50c9e8de78 -> 
  custom:audio-decoder-ogg-vorbis: bf7c407c2cedff20999df2af8eb42d56 -> 
  custom:audio-encoder-webm-vorbis: bf7c407c2cedff20999df2af8eb42d56 -> 
========================================================================
Received Prepare
Registering precompiled user dll's ...
Registered in 0.004092 seconds.
Begin MonoManager ReloadAssembly
Native extension for WindowsStandalone target not found
Native extension for OSXStandalone target not found
Native extension for WebGL target not found
Refreshing native plugins compatible for Editor in 0.50 ms, found 2 plugins.
Preloading 0 native plugins for Editor in 0.00 ms.
Mono: successfully reloaded assembly
- Completed reload, in  0.803 seconds
Domain Reload Profiling:
	ReloadAssembly (804ms)
		BeginReloadAssembly (90ms)
			ExecutionOrderSort (0ms)
			DisableScriptedObjects (4ms)
			BackupInstance (0ms)
			ReleaseScriptingObjects (0ms)
			CreateAndSetChildDomain (27ms)
		EndReloadAssembly (665ms)
			LoadAssemblies (78ms)
			RebuildTransferFunctionScriptingTraits (0ms)
			SetupTypeCache (232ms)
			ReleaseScriptCaches (1ms)
			RebuildScriptCaches (32ms)
			SetupLoadedEditorAssemblies (221ms)
				LogAssemblyErrors (0ms)
				InitializePlatformSupportModulesInManaged (5ms)
				SetLoadedEditorAssemblies (0ms)
				RefreshPlugins (1ms)
				BeforeProcessingInitializeOnLoad (51ms)
				ProcessInitializeOnLoadAttributes (152ms)
				ProcessInitializeOnLoadMethodAttributes (6ms)
				AfterProcessingInitializeOnLoad (5ms)
				EditorAssembliesLoaded (0ms)
			ExecutionOrderSort2 (0ms)
			AwakeInstancesAfterBackupRestoration (13ms)
Platform modules already initialized, skipping
Refreshing native plugins compatible for Editor in 0.56 ms, found 2 plugins.
Preloading 0 native plugins for Editor in 0.00 ms.
Unloading 2699 Unused Serialized files (Serialized files now loaded: 0)
System memory in use before: 130.2 MB.
System memory in use after: 130.4 MB.

Unloading 15 unused Assets to reduce memory usage. Loaded Objects now: 3417.
Total: 2.798200 ms (FindLiveObjects: 0.225900 ms CreateObjectMapping: 0.067200 ms MarkObjects: 2.492500 ms  DeleteObjects: 0.011700 ms)

AssetImportParameters requested are different than current active one (requested -> active):
  custom:framework-win-MediaFoundation: 216162199b28c13a410421893ffa2e32 -> 
  custom:video-decoder-ogg-theora: a1e56fd34408186e4bbccfd4996cb3dc -> 
  custom:container-muxer-webm: aa71ff27fc2769a1b78a27578f13a17b -> 
  custom:container-demuxer-webm: 4f35f7cbe854078d1ac9338744f61a02 -> 
  custom:container-demuxer-ogg: 62fdf1f143b41e24485cea50d1cbac27 -> 
  custom:video-encoder-webm-vp8: eb34c28f22e8b96e1ab97ce403110664 -> 
  custom:video-decoder-webm-vp8: 9c59270c3fd7afecdb556c50c9e8de78 -> 
  custom:audio-decoder-ogg-vorbis: bf7c407c2cedff20999df2af8eb42d56 -> 
  custom:audio-encoder-webm-vorbis: bf7c407c2cedff20999df2af8eb42d56 -> 
========================================================================
Received Import Request.
  Time since last request: 732.518475 seconds.
  path: Assets/Materials/water.mat
  artifactKey: Guid(c897cb2390313b64c99f8aa1051a415c) Importer(815301076,1909f56bfc062723c751e8b465ee728b)
Start importing Assets/Materials/water.mat using Guid(c897cb2390313b64c99f8aa1051a415c) Importer(815301076,1909f56bfc062723c751e8b465ee728b)  -> (artifact id: '24bb06536726b9e9c811e3dcfd5ee700') in 0.130776 seconds 
  Import took 0.135031 seconds .

========================================================================
Received Import Request.
  Time since last request: 25.622800 seconds.
  path: Assets/Materials/water.mat
  artifactKey: Guid(c897cb2390313b64c99f8aa1051a415c) Importer(815301076,1909f56bfc062723c751e8b465ee728b)
Start importing Assets/Materials/water.mat using Guid(c897cb2390313b64c99f8aa1051a415c) Importer(815301076,1909f56bfc062723c751e8b465ee728b)  -> (artifact id: '7c937c95af87b90bab0a04d94a4f5fc0') in 0.011551 seconds 
  Import took 0.015333 seconds .

========================================================================
Received Prepare
Registering precompiled user dll's ...
Registered in 0.003808 seconds.
Begin MonoManager ReloadAssembly
Native extension for WindowsStandalone target not found
Native extension for OSXStandalone target not found
Native extension for WebGL target not found
Refreshing native plugins compatible for Editor in 0.51 ms, found 2 plugins.
Preloading 0 native plugins for Editor in 0.00 ms.
Mono: successfully reloaded assembly
- Completed reload, in  0.836 seconds
Domain Reload Profiling:
	ReloadAssembly (837ms)
		BeginReloadAssembly (95ms)
			ExecutionOrderSort (0ms)
			DisableScriptedObjects (5ms)
			BackupInstance (0ms)
			ReleaseScriptingObjects (0ms)
			CreateAndSetChildDomain (29ms)
		EndReloadAssembly (692ms)
			LoadAssemblies (75ms)
			RebuildTransferFunctionScriptingTraits (0ms)
			SetupTypeCache (232ms)
			ReleaseScriptCaches (1ms)
			RebuildScriptCaches (31ms)
			SetupLoadedEditorAssemblies (214ms)
				LogAssemblyErrors (0ms)
				InitializePlatformSupportModulesInManaged (4ms)
				SetLoadedEditorAssemblies (0ms)
				RefreshPlugins (1ms)
				BeforeProcessingInitializeOnLoad (50ms)
				ProcessInitializeOnLoadAttributes (148ms)
				ProcessInitializeOnLoadMethodAttributes (6ms)
				AfterProcessingInitializeOnLoad (5ms)
				EditorAssembliesLoaded (0ms)
			ExecutionOrderSort2 (0ms)
			AwakeInstancesAfterBackupRestoration (12ms)
Platform modules already initialized, skipping
Refreshing native plugins compatible for Editor in 0.50 ms, found 2 plugins.
Preloading 0 native plugins for Editor in 0.00 ms.
Unloading 2699 Unused Serialized files (Serialized files now loaded: 0)
System memory in use before: 130.3 MB.
System memory in use after: 130.5 MB.

Unloading 15 unused Assets to reduce memory usage. Loaded Objects now: 3455.
Total: 2.901000 ms (FindLiveObjects: 0.247900 ms CreateObjectMapping: 0.068300 ms MarkObjects: 2.572200 ms  DeleteObjects: 0.011900 ms)

AssetImportParameters requested are different than current active one (requested -> active):
  custom:framework-win-MediaFoundation: 216162199b28c13a410421893ffa2e32 -> 
  custom:video-decoder-ogg-theora: a1e56fd34408186e4bbccfd4996cb3dc -> 
  custom:container-muxer-webm: aa71ff27fc2769a1b78a27578f13a17b -> 
  custom:container-demuxer-webm: 4f35f7cbe854078d1ac9338744f61a02 -> 
  custom:container-demuxer-ogg: 62fdf1f143b41e24485cea50d1cbac27 -> 
  custom:video-encoder-webm-vp8: eb34c28f22e8b96e1ab97ce403110664 -> 
  custom:video-decoder-webm-vp8: 9c59270c3fd7afecdb556c50c9e8de78 -> 
  custom:audio-decoder-ogg-vorbis: bf7c407c2cedff20999df2af8eb42d56 -> 
  custom:audio-encoder-webm-vorbis: bf7c407c2cedff20999df2af8eb42d56 -> 
========================================================================
Received Import Request.
  Time since last request: 154.476855 seconds.
  path: Assets/Shaders/water.shadergraph
  artifactKey: Guid(ed70d92c47aaa0e4ebb7842286513204) Importer(815301076,1909f56bfc062723c751e8b465ee728b)
Start importing Assets/Shaders/water.shadergraph using Guid(ed70d92c47aaa0e4ebb7842286513204) Importer(815301076,1909f56bfc062723c751e8b465ee728b)  -> (artifact id: '2d71633a02a5e2ea635a54664a3b9310') in 0.018116 seconds 
  Import took 0.021838 seconds .

========================================================================
Received Import Request.
  Time since last request: 0.051357 seconds.
  path: Assets/Shaders/hologram.shadergraph
  artifactKey: Guid(711e265e2af695a41a969e22ec5817d2) Importer(815301076,1909f56bfc062723c751e8b465ee728b)
Start importing Assets/Shaders/hologram.shadergraph using Guid(711e265e2af695a41a969e22ec5817d2) Importer(815301076,1909f56bfc062723c751e8b465ee728b)  -> (artifact id: '95d36c9ca6b3c34f0a89d0faefaa55e9') in 0.004629 seconds 
  Import took 0.008360 seconds .

========================================================================
Received Import Request.
  Time since last request: 0.030645 seconds.
  path: Assets/Shaders/ice.shadergraph
  artifactKey: Guid(e5f61fdb9c3de974b9ba625db25cd665) Importer(815301076,1909f56bfc062723c751e8b465ee728b)
Start importing Assets/Shaders/ice.shadergraph using Guid(e5f61fdb9c3de974b9ba625db25cd665) Importer(815301076,1909f56bfc062723c751e8b465ee728b)  -> (artifact id: 'b03b683f3afab0d09b9e078c0fbf2d68') in 0.004438 seconds 
  Import took 0.008157 seconds .

========================================================================
Received Import Request.
  Time since last request: 0.005100 seconds.
  path: Assets/Shaders/disintegrate.shadergraph
  artifactKey: Guid(d911ad900dab15d468709b44de1bba9e) Importer(815301076,1909f56bfc062723c751e8b465ee728b)
Start importing Assets/Shaders/disintegrate.shadergraph using Guid(d911ad900dab15d468709b44de1bba9e) Importer(815301076,1909f56bfc062723c751e8b465ee728b)  -> (artifact id: '56d54b6922f1542d6b545314328b96de') in 0.004486 seconds 
  Import took 0.007772 seconds .

========================================================================
Received Import Request.
  Time since last request: 639.594729 seconds.
  path: Assets/Materials/water.mat
  artifactKey: Guid(c897cb2390313b64c99f8aa1051a415c) Importer(815301076,1909f56bfc062723c751e8b465ee728b)
Start importing Assets/Materials/water.mat using Guid(c897cb2390313b64c99f8aa1051a415c) Importer(815301076,1909f56bfc062723c751e8b465ee728b)  -> (artifact id: '085b445fce624125cf34d6d48e60f9d9') in 0.121523 seconds 
  Import took 0.126086 seconds .

========================================================================
Received Import Request.
  Time since last request: 233.652881 seconds.
  path: Assets/Materials/water.mat
  artifactKey: Guid(c897cb2390313b64c99f8aa1051a415c) Importer(815301076,1909f56bfc062723c751e8b465ee728b)
Start importing Assets/Materials/water.mat using Guid(c897cb2390313b64c99f8aa1051a415c) Importer(815301076,1909f56bfc062723c751e8b465ee728b)  -> (artifact id: '55ba8d3f375c84b7bdf1ed8e3e4c730d') in 0.010937 seconds 
  Import took 0.014947 seconds .

========================================================================
Received Prepare
Registering precompiled user dll's ...
Registered in 0.003895 seconds.
Begin MonoManager ReloadAssembly
Native extension for WindowsStandalone target not found
Native extension for OSXStandalone target not found
Native extension for WebGL target not found
Refreshing native plugins compatible for Editor in 0.52 ms, found 2 plugins.
Preloading 0 native plugins for Editor in 0.00 ms.
Mono: successfully reloaded assembly
- Completed reload, in  0.814 seconds
Domain Reload Profiling:
	ReloadAssembly (815ms)
		BeginReloadAssembly (98ms)
			ExecutionOrderSort (0ms)
			DisableScriptedObjects (5ms)
			BackupInstance (0ms)
			ReleaseScriptingObjects (0ms)
			CreateAndSetChildDomain (31ms)
		EndReloadAssembly (666ms)
			LoadAssemblies (76ms)
			RebuildTransferFunctionScriptingTraits (0ms)
			SetupTypeCache (233ms)
			ReleaseScriptCaches (1ms)
			RebuildScriptCaches (32ms)
			SetupLoadedEditorAssemblies (220ms)
				LogAssemblyErrors (0ms)
				InitializePlatformSupportModulesInManaged (4ms)
				SetLoadedEditorAssemblies (0ms)
				RefreshPlugins (1ms)
				BeforeProcessingInitializeOnLoad (52ms)
				ProcessInitializeOnLoadAttributes (151ms)
				ProcessInitializeOnLoadMethodAttributes (6ms)
				AfterProcessingInitializeOnLoad (5ms)
				EditorAssembliesLoaded (0ms)
			ExecutionOrderSort2 (0ms)
			AwakeInstancesAfterBackupRestoration (13ms)
Platform modules already initialized, skipping
Refreshing native plugins compatible for Editor in 0.51 ms, found 2 plugins.
Preloading 0 native plugins for Editor in 0.00 ms.
Unloading 2699 Unused Serialized files (Serialized files now loaded: 0)
System memory in use before: 130.4 MB.
System memory in use after: 130.7 MB.

Unloading 15 unused Assets to reduce memory usage. Loaded Objects now: 3493.
Total: 2.948900 ms (FindLiveObjects: 0.247300 ms CreateObjectMapping: 0.077800 ms MarkObjects: 2.611000 ms  DeleteObjects: 0.011700 ms)

AssetImportParameters requested are different than current active one (requested -> active):
  custom:framework-win-MediaFoundation: 216162199b28c13a410421893ffa2e32 -> 
  custom:video-decoder-ogg-theora: a1e56fd34408186e4bbccfd4996cb3dc -> 
  custom:container-muxer-webm: aa71ff27fc2769a1b78a27578f13a17b -> 
  custom:container-demuxer-webm: 4f35f7cbe854078d1ac9338744f61a02 -> 
  custom:container-demuxer-ogg: 62fdf1f143b41e24485cea50d1cbac27 -> 
  custom:video-encoder-webm-vp8: eb34c28f22e8b96e1ab97ce403110664 -> 
  custom:video-decoder-webm-vp8: 9c59270c3fd7afecdb556c50c9e8de78 -> 
  custom:audio-decoder-ogg-vorbis: bf7c407c2cedff20999df2af8eb42d56 -> 
  custom:audio-encoder-webm-vorbis: bf7c407c2cedff20999df2af8eb42d56 -> 
========================================================================
Received Prepare
Registering precompiled user dll's ...
Registered in 0.004019 seconds.
Begin MonoManager ReloadAssembly
Native extension for WindowsStandalone target not found
Native extension for OSXStandalone target not found
Native extension for WebGL target not found
Refreshing native plugins compatible for Editor in 0.53 ms, found 2 plugins.
Preloading 0 native plugins for Editor in 0.00 ms.
Mono: successfully reloaded assembly
- Completed reload, in  0.814 seconds
Domain Reload Profiling:
	ReloadAssembly (815ms)
		BeginReloadAssembly (91ms)
			ExecutionOrderSort (0ms)
			DisableScriptedObjects (4ms)
			BackupInstance (0ms)
			ReleaseScriptingObjects (0ms)
			CreateAndSetChildDomain (26ms)
		EndReloadAssembly (674ms)
			LoadAssemblies (76ms)
			RebuildTransferFunctionScriptingTraits (0ms)
			SetupTypeCache (236ms)
			ReleaseScriptCaches (1ms)
			RebuildScriptCaches (33ms)
			SetupLoadedEditorAssemblies (225ms)
				LogAssemblyErrors (0ms)
				InitializePlatformSupportModulesInManaged (4ms)
				SetLoadedEditorAssemblies (0ms)
				RefreshPlugins (1ms)
				BeforeProcessingInitializeOnLoad (52ms)
				ProcessInitializeOnLoadAttributes (155ms)
				ProcessInitializeOnLoadMethodAttributes (6ms)
				AfterProcessingInitializeOnLoad (5ms)
				EditorAssembliesLoaded (0ms)
			ExecutionOrderSort2 (0ms)
			AwakeInstancesAfterBackupRestoration (14ms)
Platform modules already initialized, skipping
Refreshing native plugins compatible for Editor in 0.50 ms, found 2 plugins.
Preloading 0 native plugins for Editor in 0.00 ms.
Unloading 2699 Unused Serialized files (Serialized files now loaded: 0)
System memory in use before: 130.4 MB.
System memory in use after: 130.7 MB.

Unloading 15 unused Assets to reduce memory usage. Loaded Objects now: 3495.
Total: 3.014900 ms (FindLiveObjects: 0.267500 ms CreateObjectMapping: 0.072400 ms MarkObjects: 2.661700 ms  DeleteObjects: 0.012200 ms)

AssetImportParameters requested are different than current active one (requested -> active):
  custom:framework-win-MediaFoundation: 216162199b28c13a410421893ffa2e32 -> 
  custom:video-decoder-ogg-theora: a1e56fd34408186e4bbccfd4996cb3dc -> 
  custom:container-muxer-webm: aa71ff27fc2769a1b78a27578f13a17b -> 
  custom:container-demuxer-webm: 4f35f7cbe854078d1ac9338744f61a02 -> 
  custom:container-demuxer-ogg: 62fdf1f143b41e24485cea50d1cbac27 -> 
  custom:video-encoder-webm-vp8: eb34c28f22e8b96e1ab97ce403110664 -> 
  custom:video-decoder-webm-vp8: 9c59270c3fd7afecdb556c50c9e8de78 -> 
  custom:audio-decoder-ogg-vorbis: bf7c407c2cedff20999df2af8eb42d56 -> 
  custom:audio-encoder-webm-vorbis: bf7c407c2cedff20999df2af8eb42d56 -> 
========================================================================
Received Import Request.
  Time since last request: 466.438864 seconds.
  path: Assets/Shaders/glow.shadergraph
  artifactKey: Guid(eb44ae599e9d5a14398e6265f04b489a) Importer(815301076,1909f56bfc062723c751e8b465ee728b)
Start importing Assets/Shaders/glow.shadergraph using Guid(eb44ae599e9d5a14398e6265f04b489a) Importer(815301076,1909f56bfc062723c751e8b465ee728b)  -> (artifact id: '9d2247d673f36631f492f85b4941bfc0') in 0.027026 seconds 
  Import took 0.031148 seconds .

========================================================================
Received Import Request.
  Time since last request: 15.420242 seconds.
  path: Assets/Shaders/glow_animated.shadergraph
  artifactKey: Guid(a5a0058e8f308a44896419ad6fc08a8e) Importer(815301076,1909f56bfc062723c751e8b465ee728b)
Start importing Assets/Shaders/glow_animated.shadergraph using Guid(a5a0058e8f308a44896419ad6fc08a8e) Importer(815301076,1909f56bfc062723c751e8b465ee728b)  -> (artifact id: '2a455874d259e6514b47310fa5f66ba2') in 0.005439 seconds 
  Import took 0.009179 seconds .

========================================================================
Received Import Request.
  Time since last request: 27.066280 seconds.
  path: Assets/Shaders/glow_animated.shadergraph
  artifactKey: Guid(a5a0058e8f308a44896419ad6fc08a8e) Importer(815301076,1909f56bfc062723c751e8b465ee728b)
Start importing Assets/Shaders/glow_animated.shadergraph using Guid(a5a0058e8f308a44896419ad6fc08a8e) Importer(815301076,1909f56bfc062723c751e8b465ee728b)  -> (artifact id: '8e286f41a4a5f276d86dcda68f5a9265') in 0.002243 seconds 
  Import took 0.006050 seconds .

========================================================================
Received Import Request.
  Time since last request: 107.821547 seconds.
  path: Assets/Shaders/water.shadergraph
  artifactKey: Guid(ed70d92c47aaa0e4ebb7842286513204) Importer(815301076,1909f56bfc062723c751e8b465ee728b)
Start importing Assets/Shaders/water.shadergraph using Guid(ed70d92c47aaa0e4ebb7842286513204) Importer(815301076,1909f56bfc062723c751e8b465ee728b)  -> (artifact id: '20def7dee9b3428bd2682ae797264a08') in 0.002432 seconds 
  Import took 0.006061 seconds .

========================================================================
Received Import Request.
  Time since last request: 22.321939 seconds.
  path: Assets/Shaders/water.shadergraph
  artifactKey: Guid(ed70d92c47aaa0e4ebb7842286513204) Importer(815301076,1909f56bfc062723c751e8b465ee728b)
Start importing Assets/Shaders/water.shadergraph using Guid(ed70d92c47aaa0e4ebb7842286513204) Importer(815301076,1909f56bfc062723c751e8b465ee728b)  -> (artifact id: '52aeb2b7a9cea421ab62e789099de354') in 0.002354 seconds 
  Import took 0.005768 seconds .

========================================================================
Received Import Request.
  Time since last request: 20.182651 seconds.
  path: Assets/Materials/disintegrate.mat
  artifactKey: Guid(b37c2c068a38e394da8d2b18a9f46e2f) Importer(815301076,1909f56bfc062723c751e8b465ee728b)
Start importing Assets/Materials/disintegrate.mat using Guid(b37c2c068a38e394da8d2b18a9f46e2f) Importer(815301076,1909f56bfc062723c751e8b465ee728b)  -> (artifact id: 'e3126a5372d763f791c467a3ae37f116') in 0.113601 seconds 
  Import took 0.117580 seconds .

========================================================================
Received Import Request.
  Time since last request: 0.000155 seconds.
  path: Assets/Materials/water.mat
  artifactKey: Guid(c897cb2390313b64c99f8aa1051a415c) Importer(815301076,1909f56bfc062723c751e8b465ee728b)
Start importing Assets/Materials/water.mat using Guid(c897cb2390313b64c99f8aa1051a415c) Importer(815301076,1909f56bfc062723c751e8b465ee728b)  -> (artifact id: 'e2f27eb12a2fad08acbcca534f97b587') in 0.009967 seconds 
  Import took 0.013566 seconds .

========================================================================
Received Import Request.
  Time since last request: 46.943703 seconds.
  path: Assets/Shaders/disintegrate.shadergraph
  artifactKey: Guid(d911ad900dab15d468709b44de1bba9e) Importer(815301076,1909f56bfc062723c751e8b465ee728b)
Start importing Assets/Shaders/disintegrate.shadergraph using Guid(d911ad900dab15d468709b44de1bba9e) Importer(815301076,1909f56bfc062723c751e8b465ee728b)  -> (artifact id: 'dc25980c4e6730e54849c7e28a44fdc1') in 0.002029 seconds 
  Import took 0.005810 seconds .

AssetImportWorkerClient::OnTransportError - code=2 error=End of file
